=main INFO [support.DefaultListableBeanFactory] - Pre-instantiating singletons in org.springframework.beans.factory.support.DefaultListableBeanFactory@170bea5: defining beans [constructor-arg,constructor-arg-ref,propertyValueInline,propertyValueRef,idref,propertyValueNested,list,set,map,props]; root of factory hierarchy
=main INFO [support.GenericApplicationContext] - Closing org.springframework.context.support.GenericApplicationContext@290fbc: display name [org.springframework.context.support.GenericApplicationContext@290fbc]; startup date [Fri Jan 09 15:39:51 EET 2009]; root of context hierarchy
=main INFO [support.DefaultListableBeanFactory] - Destroying singletons in org.springframework.beans.factory.support.DefaultListableBeanFactory@170bea5: defining beans [constructor-arg,constructor-arg-ref,propertyValueInline,propertyValueRef,idref,propertyValueNested,list,set,map,props]; root of factory hierarchy
=main INFO [xml.XmlBeanDefinitionReader] - Loading XML bean definitions from class path resource [component-subelements.xml]
=main INFO [support.GenericApplicationContext] - Refreshing org.springframework.context.support.GenericApplicationContext@1eb2c1b: display name [org.springframework.context.support.GenericApplicationContext@1eb2c1b]; startup date [Fri Jan 09 15:39:51 EET 2009]; root of context hierarchy
=main INFO [support.GenericApplicationContext] - Bean factory for application context [org.springframework.context.support.GenericApplicationContext@1eb2c1b]: org.springframework.beans.factory.support.DefaultListableBeanFactory@e95a56
=main INFO [support.DefaultListableBeanFactory] - Pre-instantiating singletons in org.springframework.beans.factory.support.DefaultListableBeanFactory@e95a56: defining beans [constructor-arg,constructor-arg-ref,propertyValueInline,propertyValueRef,idref,propertyValueNested,list,set,map,props]; root of factory hierarchy
=main INFO [support.GenericApplicationContext] - Closing org.springframework.context.support.GenericApplicationContext@1eb2c1b: display name [org.springframework.context.support.GenericApplicationContext@1eb2c1b]; startup date [Fri Jan 09 15:39:51 EET 2009]; root of context hierarchy
=main INFO [support.DefaultListableBeanFactory] - Destroying singletons in org.springframework.beans.factory.support.DefaultListableBeanFactory@e95a56: defining beans [constructor-arg,constructor-arg-ref,propertyValueInline,propertyValueRef,idref,propertyValueNested,list,set,map,props]; root of factory hierarchy
=main INFO [xml.XmlBeanDefinitionReader] - Loading XML bean definitions from class path resource [component-subelements.xml]
=main INFO [support.GenericApplicationContext] - Refreshing org.springframework.context.support.GenericApplicationContext@1fc6e42: display name [org.springframework.context.support.GenericApplicationContext@1fc6e42]; startup date [Fri Jan 09 15:39:51 EET 2009]; root of context hierarchy
=main INFO [support.GenericApplicationContext] - Bean factory for application context [org.springframework.context.support.GenericApplicationContext@1fc6e42]: org.springframework.beans.factory.support.DefaultListableBeanFactory@1f06dc3
=main INFO [support.DefaultListableBeanFactory] - Pre-instantiating singletons in org.springframework.beans.factory.support.DefaultListableBeanFactory@1f06dc3: defining beans [constructor-arg,constructor-arg-ref,propertyValueInline,propertyValueRef,idref,propertyValueNested,list,set,map,props]; root of factory hierarchy
=main INFO [support.GenericApplicationContext] - Closing org.springframework.context.support.GenericApplicationContext@1fc6e42: display name [org.springframework.context.support.GenericApplicationContext@1fc6e42]; startup date [Fri Jan 09 15:39:51 EET 2009]; root of context hierarchy
=main INFO [support.DefaultListableBeanFactory] - Destroying singletons in org.springframework.beans.factory.support.DefaultListableBeanFactory@1f06dc3: defining beans [constructor-arg,constructor-arg-ref,propertyValueInline,propertyValueRef,idref,propertyValueNested,list,set,map,props]; root of factory hierarchy
=main INFO [xml.XmlBeanDefinitionReader] - Loading XML bean definitions from class path resource [component-subelements.xml]
=main INFO [support.GenericApplicationContext] - Refreshing org.springframework.context.support.GenericApplicationContext@1bbd23f: display name [org.springframework.context.support.GenericApplicationContext@1bbd23f]; startup date [Fri Jan 09 15:39:51 EET 2009]; root of context hierarchy
=main INFO [support.GenericApplicationContext] - Bean factory for application context [org.springframework.context.support.GenericApplicationContext@1bbd23f]: org.springframework.beans.factory.support.DefaultListableBeanFactory@186df0f
=main INFO [support.DefaultListableBeanFactory] - Pre-instantiating singletons in org.springframework.beans.factory.support.DefaultListableBeanFactory@186df0f: defining beans [constructor-arg,constructor-arg-ref,propertyValueInline,propertyValueRef,idref,propertyValueNested,list,set,map,props]; root of factory hierarchy
=main INFO [support.GenericApplicationContext] - Closing org.springframework.context.support.GenericApplicationContext@1bbd23f: display name [org.springframework.context.support.GenericApplicationContext@1bbd23f]; startup date [Fri Jan 09 15:39:51 EET 2009]; root of context hierarchy
=main INFO [support.DefaultListableBeanFactory] - Destroying singletons in org.springframework.beans.factory.support.DefaultListableBeanFactory@186df0f: defining beans [constructor-arg,constructor-arg-ref,propertyValueInline,propertyValueRef,idref,propertyValueNested,list,set,map,props]; root of factory hierarchy
=main INFO [xml.XmlBeanDefinitionReader] - Loading XML bean definitions from class path resource [component-subelements.xml]
=main INFO [support.GenericApplicationContext] - Refreshing org.springframework.context.support.GenericApplicationContext@1385660: display name [org.springframework.context.support.GenericApplicationContext@1385660]; startup date [Fri Jan 09 15:39:51 EET 2009]; root of context hierarchy
=main INFO [support.GenericApplicationContext] - Bean factory for application context [org.springframework.context.support.GenericApplicationContext@1385660]: org.springframework.beans.factory.support.DefaultListableBeanFactory@16921fd
=main INFO [support.DefaultListableBeanFactory] - Pre-instantiating singletons in org.springframework.beans.factory.support.DefaultListableBeanFactory@16921fd: defining beans [constructor-arg,constructor-arg-ref,propertyValueInline,propertyValueRef,idref,propertyValueNested,list,set,map,props]; root of factory hierarchy
=main INFO [support.GenericApplicationContext] - Closing org.springframework.context.support.GenericApplicationContext@1385660: display name [org.springframework.context.support.GenericApplicationContext@1385660]; startup date [Fri Jan 09 15:39:51 EET 2009]; root of context hierarchy
=main INFO [support.DefaultListableBeanFactory] - Destroying singletons in org.springframework.beans.factory.support.DefaultListableBeanFactory@16921fd: defining beans [constructor-arg,constructor-arg-ref,propertyValueInline,propertyValueRef,idref,propertyValueNested,list,set,map,props]; root of factory hierarchy
=main INFO [xml.XmlBeanDefinitionReader] - Loading XML bean definitions from class path resource [mixed-rfc124-beans.xml]
=main INFO [support.GenericApplicationContext] - Refreshing org.springframework.context.support.GenericApplicationContext@2bc3f5: display name [org.springframework.context.support.GenericApplicationContext@2bc3f5]; startup date [Fri Jan 09 15:39:51 EET 2009]; root of context hierarchy
=main INFO [support.GenericApplicationContext] - Bean factory for application context [org.springframework.context.support.GenericApplicationContext@2bc3f5]: org.springframework.beans.factory.support.DefaultListableBeanFactory@19b1de
=main INFO [support.DefaultListableBeanFactory] - Pre-instantiating singletons in org.springframework.beans.factory.support.DefaultListableBeanFactory@19b1de: defining beans [simple-component,nested-bean,org.springframework.osgi.blueprint.TestComponent#0,org.springframework.osgi.blueprint.TestComponent#1,org.springframework.osgi.blueprint.TestComponent#2]; root of factory hierarchy
=main INFO [support.GenericApplicationContext] - Closing org.springframework.context.support.GenericApplicationContext@2bc3f5: display name [org.springframework.context.support.GenericApplicationContext@2bc3f5]; startup date [Fri Jan 09 15:39:51 EET 2009]; root of context hierarchy
=main INFO [support.DefaultListableBeanFactory] - Destroying singletons in org.springframework.beans.factory.support.DefaultListableBeanFactory@19b1de: defining beans [simple-component,nested-bean,org.springframework.osgi.blueprint.TestComponent#0,org.springframework.osgi.blueprint.TestComponent#1,org.springframework.osgi.blueprint.TestComponent#2]; root of factory hierarchy
=main INFO [xml.XmlBeanDefinitionReader] - Loading XML bean definitions from class path resource [mixed-rfc124-beans.xml]
=main INFO [support.GenericApplicationContext] - Refreshing org.springframework.context.support.GenericApplicationContext@164dbd5: display name [org.springframework.context.support.GenericApplicationContext@164dbd5]; startup date [Fri Jan 09 15:39:51 EET 2009]; root of context hierarchy
=main INFO [support.GenericApplicationContext] - Bean factory for application context [org.springframework.context.support.GenericApplicationContext@164dbd5]: org.springframework.beans.factory.support.DefaultListableBeanFactory@1d10a5c
=main INFO [support.DefaultListableBeanFactory] - Pre-instantiating singletons in org.springframework.beans.factory.support.DefaultListableBeanFactory@1d10a5c: defining beans [simple-component,nested-bean,org.springframework.osgi.blueprint.TestComponent#0,org.springframework.osgi.blueprint.TestComponent#1,org.springframework.osgi.blueprint.TestComponent#2]; root of factory hierarchy
=main INFO [support.GenericApplicationContext] - Closing org.springframework.context.support.GenericApplicationContext@164dbd5: display name [org.springframework.context.support.GenericApplicationContext@164dbd5]; startup date [Fri Jan 09 15:39:51 EET 2009]; root of context hierarchy
=main INFO [support.DefaultListableBeanFactory] - Destroying singletons in org.springframework.beans.factory.support.DefaultListableBeanFactory@1d10a5c: defining beans [simple-component,nested-bean,org.springframework.osgi.blueprint.TestComponent#0,org.springframework.osgi.blueprint.TestComponent#1,org.springframework.osgi.blueprint.TestComponent#2]; root of factory hierarchy
=main INFO [xml.XmlBeanDefinitionReader] - Loading XML bean definitions from class path resource [mixed-rfc124-beans.xml]
=main INFO [support.GenericApplicationContext] - Refreshing org.springframework.context.support.GenericApplicationContext@9980d5: display name [org.springframework.context.support.GenericApplicationContext@9980d5]; startup date [Fri Jan 09 15:39:51 EET 2009]; root of context hierarchy
=main INFO [support.GenericApplicationContext] - Bean factory for application context [org.springframework.context.support.GenericApplicationContext@9980d5]: org.springframework.beans.factory.support.DefaultListableBeanFactory@b4e29b
=main INFO [support.DefaultListableBeanFactory] - Pre-instantiating singletons in org.springframework.beans.factory.support.DefaultListableBeanFactory@b4e29b: defining beans [simple-component,nested-bean,org.springframework.osgi.blueprint.TestComponent#0,org.springframework.osgi.blueprint.TestComponent#1,org.springframework.osgi.blueprint.TestComponent#2]; root of factory hierarchy
=main INFO [support.GenericApplicationContext] - Closing org.springframework.context.support.GenericApplicationContext@9980d5: display name [org.springframework.context.support.GenericApplicationContext@9980d5]; startup date [Fri Jan 09 15:39:51 EET 2009]; root of context hierarchy
=main INFO [support.DefaultListableBeanFactory] - Destroying singletons in org.springframework.beans.factory.support.DefaultListableBeanFactory@b4e29b: defining beans [simple-component,nested-bean,org.springframework.osgi.blueprint.TestComponent#0,org.springframework.osgi.blueprint.TestComponent#1,org.springframework.osgi.blueprint.TestComponent#2]; root of factory hierarchy
=main INFO [xml.XmlBeanDefinitionReader] - Loading XML bean definitions from class path resource [type-converters.xml]
=main INFO [xml.XmlBeanDefinitionReader] - Loading XML bean definitions from class path resource [type-converters.xml]
=main INFO [xml.XmlBeanDefinitionReader] - Loading XML bean definitions from class path resource [type-converters.xml]
